ERROR - 2022-01-17 10:21:41 --> Cannot add or update a child row: a foreign key constraint fails (`cafein`.`antrian`, CONSTRAINT `antrian_ibfk_1` FOREIGN KEY (`idUser`) REFERENCES `user` (`id`) ON UPDATE CASCADE)
CRITICAL - 2022-01-17 10:21:41 --> Cannot add or update a child row: a foreign key constraint fails (`cafein`.`antrian`, CONSTRAINT `antrian_ibfk_1` FOREIGN KEY (`idUser`) REFERENCES `user` (`id`) ON UPDATE CASCADE)
#0 C:\xampp\htdocs\cafein\system\Database\MySQLi\Connection.php(292): mysqli->query('INSERT INTO `an...', 0)
#1 C:\xampp\htdocs\cafein\system\Database\BaseConnection.php(670): CodeIgniter\Database\MySQLi\Connection->execute('INSERT INTO `an...')
#2 C:\xampp\htdocs\cafein\system\Database\BaseConnection.php(598): CodeIgniter\Database\BaseConnection->simpleQuery('INSERT INTO `an...')
#3 C:\xampp\htdocs\cafein\system\Database\BaseBuilder.php(1759): CodeIgniter\Database\BaseConnection->query('INSERT INTO `an...', Array, false)
#4 C:\xampp\htdocs\cafein\system\Model.php(239): CodeIgniter\Database\BaseBuilder->insert()
#5 C:\xampp\htdocs\cafein\system\BaseModel.php(738): CodeIgniter\Model->doInsert(Array)
#6 C:\xampp\htdocs\cafein\system\Model.php(620): CodeIgniter\BaseModel->insert(Array, true)
#7 C:\xampp\htdocs\cafein\app\Controllers\Menu.php(39): CodeIgniter\Model->insert(Array)
#8 C:\xampp\htdocs\cafein\system\CodeIgniter.php(824): App\Controllers\Menu->tambahPesanan()
#9 C:\xampp\htdocs\cafein\system\CodeIgniter.php(410): CodeIgniter\CodeIgniter->runController(Object(App\Controllers\Menu))
#10 C:\xampp\htdocs\cafein\system\CodeIgniter.php(318): CodeIgniter\CodeIgniter->handleRequest(NULL, Object(Config\Cache), false)
#11 C:\xampp\htdocs\cafein\index.php(37): CodeIgniter\CodeIgniter->run()
#12 {main}
ERROR - 2022-01-17 10:23:25 --> Cannot add or update a child row: a foreign key constraint fails (`cafein`.`antrian`, CONSTRAINT `antrian_ibfk_1` FOREIGN KEY (`idUser`) REFERENCES `user` (`id`) ON UPDATE CASCADE)
CRITICAL - 2022-01-17 10:23:25 --> Cannot add or update a child row: a foreign key constraint fails (`cafein`.`antrian`, CONSTRAINT `antrian_ibfk_1` FOREIGN KEY (`idUser`) REFERENCES `user` (`id`) ON UPDATE CASCADE)
#0 C:\xampp\htdocs\cafein\system\Database\MySQLi\Connection.php(292): mysqli->query('INSERT INTO `an...', 0)
#1 C:\xampp\htdocs\cafein\system\Database\BaseConnection.php(670): CodeIgniter\Database\MySQLi\Connection->execute('INSERT INTO `an...')
#2 C:\xampp\htdocs\cafein\system\Database\BaseConnection.php(598): CodeIgniter\Database\BaseConnection->simpleQuery('INSERT INTO `an...')
#3 C:\xampp\htdocs\cafein\system\Database\BaseBuilder.php(1759): CodeIgniter\Database\BaseConnection->query('INSERT INTO `an...', Array, false)
#4 C:\xampp\htdocs\cafein\system\Model.php(239): CodeIgniter\Database\BaseBuilder->insert()
#5 C:\xampp\htdocs\cafein\system\BaseModel.php(738): CodeIgniter\Model->doInsert(Array)
#6 C:\xampp\htdocs\cafein\system\Model.php(620): CodeIgniter\BaseModel->insert(Array, true)
#7 C:\xampp\htdocs\cafein\app\Controllers\Menu.php(40): CodeIgniter\Model->insert(Array)
#8 C:\xampp\htdocs\cafein\system\CodeIgniter.php(824): App\Controllers\Menu->tambahPesanan()
#9 C:\xampp\htdocs\cafein\system\CodeIgniter.php(410): CodeIgniter\CodeIgniter->runController(Object(App\Controllers\Menu))
#10 C:\xampp\htdocs\cafein\system\CodeIgniter.php(318): CodeIgniter\CodeIgniter->handleRequest(NULL, Object(Config\Cache), false)
#11 C:\xampp\htdocs\cafein\index.php(37): CodeIgniter\CodeIgniter->run()
#12 {main}
ERROR - 2022-01-17 10:23:32 --> Column 'nama' cannot be null
CRITICAL - 2022-01-17 10:23:32 --> Column 'nama' cannot be null
#0 C:\xampp\htdocs\cafein\system\Database\MySQLi\Connection.php(292): mysqli->query('INSERT INTO `an...', 0)
#1 C:\xampp\htdocs\cafein\system\Database\BaseConnection.php(670): CodeIgniter\Database\MySQLi\Connection->execute('INSERT INTO `an...')
#2 C:\xampp\htdocs\cafein\system\Database\BaseConnection.php(598): CodeIgniter\Database\BaseConnection->simpleQuery('INSERT INTO `an...')
#3 C:\xampp\htdocs\cafein\system\Database\BaseBuilder.php(1759): CodeIgniter\Database\BaseConnection->query('INSERT INTO `an...', Array, false)
#4 C:\xampp\htdocs\cafein\system\Model.php(239): CodeIgniter\Database\BaseBuilder->insert()
#5 C:\xampp\htdocs\cafein\system\BaseModel.php(738): CodeIgniter\Model->doInsert(Array)
#6 C:\xampp\htdocs\cafein\system\Model.php(620): CodeIgniter\BaseModel->insert(Array, true)
#7 C:\xampp\htdocs\cafein\app\Controllers\Menu.php(40): CodeIgniter\Model->insert(Array)
#8 C:\xampp\htdocs\cafein\system\CodeIgniter.php(824): App\Controllers\Menu->tambahPesanan()
#9 C:\xampp\htdocs\cafein\system\CodeIgniter.php(410): CodeIgniter\CodeIgniter->runController(Object(App\Controllers\Menu))
#10 C:\xampp\htdocs\cafein\system\CodeIgniter.php(318): CodeIgniter\CodeIgniter->handleRequest(NULL, Object(Config\Cache), false)
#11 C:\xampp\htdocs\cafein\index.php(37): CodeIgniter\CodeIgniter->run()
#12 {main}
ERROR - 2022-01-17 10:24:21 --> Cannot add or update a child row: a foreign key constraint fails (`cafein`.`antrian`, CONSTRAINT `antrian_ibfk_1` FOREIGN KEY (`idUser`) REFERENCES `user` (`id`) ON UPDATE CASCADE)
CRITICAL - 2022-01-17 10:24:21 --> Cannot add or update a child row: a foreign key constraint fails (`cafein`.`antrian`, CONSTRAINT `antrian_ibfk_1` FOREIGN KEY (`idUser`) REFERENCES `user` (`id`) ON UPDATE CASCADE)
#0 C:\xampp\htdocs\cafein\system\Database\MySQLi\Connection.php(292): mysqli->query('INSERT INTO `an...', 0)
#1 C:\xampp\htdocs\cafein\system\Database\BaseConnection.php(670): CodeIgniter\Database\MySQLi\Connection->execute('INSERT INTO `an...')
#2 C:\xampp\htdocs\cafein\system\Database\BaseConnection.php(598): CodeIgniter\Database\BaseConnection->simpleQuery('INSERT INTO `an...')
#3 C:\xampp\htdocs\cafein\system\Database\BaseBuilder.php(1759): CodeIgniter\Database\BaseConnection->query('INSERT INTO `an...', Array, false)
#4 C:\xampp\htdocs\cafein\system\Model.php(239): CodeIgniter\Database\BaseBuilder->insert()
#5 C:\xampp\htdocs\cafein\system\BaseModel.php(738): CodeIgniter\Model->doInsert(Array)
#6 C:\xampp\htdocs\cafein\system\Model.php(620): CodeIgniter\BaseModel->insert(Array, true)
#7 C:\xampp\htdocs\cafein\app\Controllers\Menu.php(40): CodeIgniter\Model->insert(Array)
#8 C:\xampp\htdocs\cafein\system\CodeIgniter.php(824): App\Controllers\Menu->tambahPesanan()
#9 C:\xampp\htdocs\cafein\system\CodeIgniter.php(410): CodeIgniter\CodeIgniter->runController(Object(App\Controllers\Menu))
#10 C:\xampp\htdocs\cafein\system\CodeIgniter.php(318): CodeIgniter\CodeIgniter->handleRequest(NULL, Object(Config\Cache), false)
#11 C:\xampp\htdocs\cafein\index.php(37): CodeIgniter\CodeIgniter->run()
#12 {main}
ERROR - 2022-01-17 10:24:22 --> Cannot add or update a child row: a foreign key constraint fails (`cafein`.`antrian`, CONSTRAINT `antrian_ibfk_1` FOREIGN KEY (`idUser`) REFERENCES `user` (`id`) ON UPDATE CASCADE)
CRITICAL - 2022-01-17 10:24:22 --> Cannot add or update a child row: a foreign key constraint fails (`cafein`.`antrian`, CONSTRAINT `antrian_ibfk_1` FOREIGN KEY (`idUser`) REFERENCES `user` (`id`) ON UPDATE CASCADE)
#0 C:\xampp\htdocs\cafein\system\Database\MySQLi\Connection.php(292): mysqli->query('INSERT INTO `an...', 0)
#1 C:\xampp\htdocs\cafein\system\Database\BaseConnection.php(670): CodeIgniter\Database\MySQLi\Connection->execute('INSERT INTO `an...')
#2 C:\xampp\htdocs\cafein\system\Database\BaseConnection.php(598): CodeIgniter\Database\BaseConnection->simpleQuery('INSERT INTO `an...')
#3 C:\xampp\htdocs\cafein\system\Database\BaseBuilder.php(1759): CodeIgniter\Database\BaseConnection->query('INSERT INTO `an...', Array, false)
#4 C:\xampp\htdocs\cafein\system\Model.php(239): CodeIgniter\Database\BaseBuilder->insert()
#5 C:\xampp\htdocs\cafein\system\BaseModel.php(738): CodeIgniter\Model->doInsert(Array)
#6 C:\xampp\htdocs\cafein\system\Model.php(620): CodeIgniter\BaseModel->insert(Array, true)
#7 C:\xampp\htdocs\cafein\app\Controllers\Menu.php(40): CodeIgniter\Model->insert(Array)
#8 C:\xampp\htdocs\cafein\system\CodeIgniter.php(824): App\Controllers\Menu->tambahPesanan()
#9 C:\xampp\htdocs\cafein\system\CodeIgniter.php(410): CodeIgniter\CodeIgniter->runController(Object(App\Controllers\Menu))
#10 C:\xampp\htdocs\cafein\system\CodeIgniter.php(318): CodeIgniter\CodeIgniter->handleRequest(NULL, Object(Config\Cache), false)
#11 C:\xampp\htdocs\cafein\index.php(37): CodeIgniter\CodeIgniter->run()
#12 {main}
ERROR - 2022-01-17 10:24:23 --> Cannot add or update a child row: a foreign key constraint fails (`cafein`.`antrian`, CONSTRAINT `antrian_ibfk_1` FOREIGN KEY (`idUser`) REFERENCES `user` (`id`) ON UPDATE CASCADE)
CRITICAL - 2022-01-17 10:24:23 --> Cannot add or update a child row: a foreign key constraint fails (`cafein`.`antrian`, CONSTRAINT `antrian_ibfk_1` FOREIGN KEY (`idUser`) REFERENCES `user` (`id`) ON UPDATE CASCADE)
#0 C:\xampp\htdocs\cafein\system\Database\MySQLi\Connection.php(292): mysqli->query('INSERT INTO `an...', 0)
#1 C:\xampp\htdocs\cafein\system\Database\BaseConnection.php(670): CodeIgniter\Database\MySQLi\Connection->execute('INSERT INTO `an...')
#2 C:\xampp\htdocs\cafein\system\Database\BaseConnection.php(598): CodeIgniter\Database\BaseConnection->simpleQuery('INSERT INTO `an...')
#3 C:\xampp\htdocs\cafein\system\Database\BaseBuilder.php(1759): CodeIgniter\Database\BaseConnection->query('INSERT INTO `an...', Array, false)
#4 C:\xampp\htdocs\cafein\system\Model.php(239): CodeIgniter\Database\BaseBuilder->insert()
#5 C:\xampp\htdocs\cafein\system\BaseModel.php(738): CodeIgniter\Model->doInsert(Array)
#6 C:\xampp\htdocs\cafein\system\Model.php(620): CodeIgniter\BaseModel->insert(Array, true)
#7 C:\xampp\htdocs\cafein\app\Controllers\Menu.php(40): CodeIgniter\Model->insert(Array)
#8 C:\xampp\htdocs\cafein\system\CodeIgniter.php(824): App\Controllers\Menu->tambahPesanan()
#9 C:\xampp\htdocs\cafein\system\CodeIgniter.php(410): CodeIgniter\CodeIgniter->runController(Object(App\Controllers\Menu))
#10 C:\xampp\htdocs\cafein\system\CodeIgniter.php(318): CodeIgniter\CodeIgniter->handleRequest(NULL, Object(Config\Cache), false)
#11 C:\xampp\htdocs\cafein\index.php(37): CodeIgniter\CodeIgniter->run()
#12 {main}
ERROR - 2022-01-17 10:24:23 --> Cannot add or update a child row: a foreign key constraint fails (`cafein`.`antrian`, CONSTRAINT `antrian_ibfk_1` FOREIGN KEY (`idUser`) REFERENCES `user` (`id`) ON UPDATE CASCADE)
CRITICAL - 2022-01-17 10:24:23 --> Cannot add or update a child row: a foreign key constraint fails (`cafein`.`antrian`, CONSTRAINT `antrian_ibfk_1` FOREIGN KEY (`idUser`) REFERENCES `user` (`id`) ON UPDATE CASCADE)
#0 C:\xampp\htdocs\cafein\system\Database\MySQLi\Connection.php(292): mysqli->query('INSERT INTO `an...', 0)
#1 C:\xampp\htdocs\cafein\system\Database\BaseConnection.php(670): CodeIgniter\Database\MySQLi\Connection->execute('INSERT INTO `an...')
#2 C:\xampp\htdocs\cafein\system\Database\BaseConnection.php(598): CodeIgniter\Database\BaseConnection->simpleQuery('INSERT INTO `an...')
#3 C:\xampp\htdocs\cafein\system\Database\BaseBuilder.php(1759): CodeIgniter\Database\BaseConnection->query('INSERT INTO `an...', Array, false)
#4 C:\xampp\htdocs\cafein\system\Model.php(239): CodeIgniter\Database\BaseBuilder->insert()
#5 C:\xampp\htdocs\cafein\system\BaseModel.php(738): CodeIgniter\Model->doInsert(Array)
#6 C:\xampp\htdocs\cafein\system\Model.php(620): CodeIgniter\BaseModel->insert(Array, true)
#7 C:\xampp\htdocs\cafein\app\Controllers\Menu.php(40): CodeIgniter\Model->insert(Array)
#8 C:\xampp\htdocs\cafein\system\CodeIgniter.php(824): App\Controllers\Menu->tambahPesanan()
#9 C:\xampp\htdocs\cafein\system\CodeIgniter.php(410): CodeIgniter\CodeIgniter->runController(Object(App\Controllers\Menu))
#10 C:\xampp\htdocs\cafein\system\CodeIgniter.php(318): CodeIgniter\CodeIgniter->handleRequest(NULL, Object(Config\Cache), false)
#11 C:\xampp\htdocs\cafein\index.php(37): CodeIgniter\CodeIgniter->run()
#12 {main}
ERROR - 2022-01-17 10:25:19 --> Cannot add or update a child row: a foreign key constraint fails (`cafein`.`antrian`, CONSTRAINT `antrian_ibfk_1` FOREIGN KEY (`idUser`) REFERENCES `user` (`id`) ON UPDATE CASCADE)
CRITICAL - 2022-01-17 10:25:19 --> Cannot add or update a child row: a foreign key constraint fails (`cafein`.`antrian`, CONSTRAINT `antrian_ibfk_1` FOREIGN KEY (`idUser`) REFERENCES `user` (`id`) ON UPDATE CASCADE)
#0 C:\xampp\htdocs\cafein\system\Database\MySQLi\Connection.php(292): mysqli->query('INSERT INTO `an...', 0)
#1 C:\xampp\htdocs\cafein\system\Database\BaseConnection.php(670): CodeIgniter\Database\MySQLi\Connection->execute('INSERT INTO `an...')
#2 C:\xampp\htdocs\cafein\system\Database\BaseConnection.php(598): CodeIgniter\Database\BaseConnection->simpleQuery('INSERT INTO `an...')
#3 C:\xampp\htdocs\cafein\system\Database\BaseBuilder.php(1759): CodeIgniter\Database\BaseConnection->query('INSERT INTO `an...', Array, false)
#4 C:\xampp\htdocs\cafein\system\Model.php(239): CodeIgniter\Database\BaseBuilder->insert()
#5 C:\xampp\htdocs\cafein\system\BaseModel.php(738): CodeIgniter\Model->doInsert(Array)
#6 C:\xampp\htdocs\cafein\system\Model.php(620): CodeIgniter\BaseModel->insert(Array, true)
#7 C:\xampp\htdocs\cafein\app\Controllers\Menu.php(40): CodeIgniter\Model->insert(Array)
#8 C:\xampp\htdocs\cafein\system\CodeIgniter.php(824): App\Controllers\Menu->tambahPesanan()
#9 C:\xampp\htdocs\cafein\system\CodeIgniter.php(410): CodeIgniter\CodeIgniter->runController(Object(App\Controllers\Menu))
#10 C:\xampp\htdocs\cafein\system\CodeIgniter.php(318): CodeIgniter\CodeIgniter->handleRequest(NULL, Object(Config\Cache), false)
#11 C:\xampp\htdocs\cafein\index.php(37): CodeIgniter\CodeIgniter->run()
#12 {main}
CRITICAL - 2022-01-17 23:18:21 --> Undefined variable: pesanan
#0 C:\xampp\htdocs\cafein\app\Controllers\Antrian.php(50): CodeIgniter\Debug\Exceptions->errorHandler(8, 'Undefined varia...', 'C:\\xampp\\htdocs...', 50, Array)
#1 C:\xampp\htdocs\cafein\system\CodeIgniter.php(824): App\Controllers\Antrian->rincianPesanan()
#2 C:\xampp\htdocs\cafein\system\CodeIgniter.php(410): CodeIgniter\CodeIgniter->runController(Object(App\Controllers\Antrian))
#3 C:\xampp\htdocs\cafein\system\CodeIgniter.php(318): CodeIgniter\CodeIgniter->handleRequest(NULL, Object(Config\Cache), false)
#4 C:\xampp\htdocs\cafein\index.php(37): CodeIgniter\CodeIgniter->run()
#5 {main}
